C:\Program Files\Microsoft Visual Studio\2022\Community\MSBuild\Microsoft\VC\v170\Microsoft.CppBuild.targets(531,5): warning MSB8028: The intermediate directory (S:\Documents\Visual Studio 2022\Projects\C++\raylib\Asteroids Reimagined\build\Release\) contains files shared from another project (Knightmare Engine.vcxproj).  This can lead to incorrect clean and rebuild behavior.
  Enemy.cpp
  Enemy1.cpp
S:\Documents\Visual Studio 2022\Projects\C++\raylib\Asteroids Reimagined\Asteroids Reimagined\Enemy1.cpp(98,12): warning C4244: 'initializing': conversion from 'float' to 'int', possible loss of data
S:\Documents\Visual Studio 2022\Projects\C++\raylib\Asteroids Reimagined\Asteroids Reimagined\Enemy1.cpp(99,13): warning C4244: 'initializing': conversion from 'float' to 'int', possible loss of data
S:\Documents\Visual Studio 2022\Projects\C++\raylib\Asteroids Reimagined\Asteroids Reimagined\Enemy1.cpp(108,31): warning C4244: '=': conversion from 'int' to 'float', possible loss of data
S:\Documents\Visual Studio 2022\Projects\C++\raylib\Asteroids Reimagined\Asteroids Reimagined\Enemy1.cpp(117,31): warning C4244: '=': conversion from 'int' to 'float', possible loss of data
S:\Documents\Visual Studio 2022\Projects\C++\raylib\Asteroids Reimagined\Asteroids Reimagined\Enemy1.cpp(130,31): warning C4244: '=': conversion from 'int' to 'float', possible loss of data
S:\Documents\Visual Studio 2022\Projects\C++\raylib\Asteroids Reimagined\Asteroids Reimagined\Enemy1.cpp(139,31): warning C4244: '=': conversion from 'int' to 'float', possible loss of data
  Enemy2.cpp
S:\Documents\Visual Studio 2022\Projects\C++\raylib\Asteroids Reimagined\Asteroids Reimagined\Enemy2.cpp(86,12): warning C4244: 'initializing': conversion from 'float' to 'int', possible loss of data
S:\Documents\Visual Studio 2022\Projects\C++\raylib\Asteroids Reimagined\Asteroids Reimagined\Enemy2.cpp(87,13): warning C4244: 'initializing': conversion from 'float' to 'int', possible loss of data
S:\Documents\Visual Studio 2022\Projects\C++\raylib\Asteroids Reimagined\Asteroids Reimagined\Enemy2.cpp(98,31): warning C4244: '=': conversion from 'int' to 'float', possible loss of data
S:\Documents\Visual Studio 2022\Projects\C++\raylib\Asteroids Reimagined\Asteroids Reimagined\Enemy2.cpp(107,31): warning C4244: '=': conversion from 'int' to 'float', possible loss of data
S:\Documents\Visual Studio 2022\Projects\C++\raylib\Asteroids Reimagined\Asteroids Reimagined\Enemy2.cpp(120,31): warning C4244: '=': conversion from 'int' to 'float', possible loss of data
S:\Documents\Visual Studio 2022\Projects\C++\raylib\Asteroids Reimagined\Asteroids Reimagined\Enemy2.cpp(129,31): warning C4244: '=': conversion from 'int' to 'float', possible loss of data
  EnemyControl.cpp
  Game.cpp
  GameLogic.cpp
  Main.cpp
  Shot.cpp
  TheBackground.cpp
  TheDeathStar.cpp
  TheFighter.cpp
  TheFighterPair.cpp
  TheMine.cpp
  TheMissile.cpp
  ThePlayer.cpp
  TheRock.cpp
  TheScore.cpp
  TheUFO.cpp
S:\Documents\Visual Studio 2022\Projects\C++\raylib\Asteroids Reimagined\Asteroids Reimagined\TheUFO.cpp(135,13): warning C4244: 'initializing': conversion from 'float' to 'int', possible loss of data
S:\Documents\Visual Studio 2022\Projects\C++\raylib\Asteroids Reimagined\Asteroids Reimagined\TheUFO.cpp(137,29): warning C4244: '=': conversion from 'int' to 'float', possible loss of data
  Generating code
  230 of 1336 functions (17.2%) were compiled, the rest were copied from previous compilation.
    23 functions were new in current compilation
    39 functions had inline decision re-evaluated but remain unchanged
  Finished generating code
  Asteroids Reimagined.vcxproj -> S:\Documents\Visual Studio 2022\Projects\C++\raylib\Asteroids Reimagined\Release\Asteroids Reimagined.exe
