C:\Program Files\Microsoft Visual Studio\2022\Community\MSBuild\Current\Bin\amd64\Microsoft.Common.CurrentVersion.targets(2165,5): warning : The referenced project '..\..\raylib\projects\VS2022\raylib\raylib.vcxproj' does not exist.
C:\Program Files\Microsoft Visual Studio\2022\Community\MSBuild\Microsoft\VC\v170\Microsoft.CppBuild.targets(531,5): warning MSB8028: The intermediate directory (S:\Documents\Visual Studio 2022\Projects\C++\raylib\Asteroids Reimagined\build\Release\) contains files shared from another project (Asteroids Reimagined.vcxproj).  This can lead to incorrect clean and rebuild behavior.
C:\Program Files\Microsoft Visual Studio\2022\Community\MSBuild\Microsoft\VC\v170\Microsoft.CppBuild.targets(531,5): warning MSB8028: The intermediate directory (S:\Documents\Visual Studio 2022\Projects\C++\raylib\Asteroids Reimagined\build\Release\) contains files shared from another project (Asteroids Reimagined.vcxproj, Knightmare Engine.vcxproj).  This can lead to incorrect clean and rebuild behavior.
  Common.cpp
  ContentManager.cpp
  OnScreenText.cpp
  Entity.cpp
  EntityManager.cpp
  ExplosionControl.cpp
  LineModel.cpp
  Managers.cpp
  Model3D.cpp
  ParticleCube.cpp
  ParticleManager.cpp
  PositionedObject.cpp
  Scene.cpp
  ThrustControl.cpp
  Timer.cpp
  Utilities.cpp
  Knightmare Engine.vcxproj -> S:\Documents\Visual Studio 2022\Projects\C++\raylib\Asteroids Reimagined\Release\Knightmare Engine.lib
